2015-04-09 16:10:53,163 INFO   [UploadProgress] Starting upload... 
2015-04-09 16:10:53,173 INFO   [UploadProgress] Create a collection 
2015-04-09 16:10:55,825 INFO   [UploadProgress] Crea identificatore PID per la collezione :o:33909 
2015-04-09 16:10:57,675 INFO   [UploadProgress] Aggiungi flusso di dati METADATA:o:33909 
2015-04-09 16:11:00,573 INFO   [UploadProgress] Crea identificatore PID per la collezione :o:33910 
2015-04-09 16:11:01,964 INFO   [UploadProgress] Aggiungi flusso di dati METADATA:o:33910 
2015-04-09 16:11:01,964 INFO   [UploadProgress] Richiesta di creazione oggetto immagine in Phaidra 
2015-04-09 16:11:04,794 INFO   [UploadProgress] - Aggiunta file fisico ad oggetto Phaidra 
2015-04-09 16:11:07,290 INFO   [UploadProgress] - Aggiunta file dei metadati ad oggetto Phaidra 
2015-04-09 16:11:09,422 INFO   [UploadProgress] - Salvataggio dell'oggetto immagine in Phaidra 
2015-04-09 16:11:11,652 INFO   [UploadProgress] Crea identificatore PID per  l'immagine:o:33911 
2015-04-09 16:11:11,652 INFO   [UploadProgress] Aggiungi flusso di dati METADATA:o:33910 
2015-04-09 16:11:15,367 INFO   [UploadProgress] Aggiunti oggetti  alla collezione:o:33910 
2015-04-09 16:11:17,467 INFO   [UploadProgress] Crea identificatore PID per la collezione :o:33912 
2015-04-09 16:11:19,907 INFO   [UploadProgress] Aggiungi flusso di dati METADATA:o:33912 
2015-04-09 16:11:19,907 INFO   [UploadProgress] Richiesta di creazione oggetto immagine in Phaidra 
2015-04-09 16:11:22,000 INFO   [UploadProgress] - Aggiunta file fisico ad oggetto Phaidra 
2015-04-09 16:11:26,114 INFO   [UploadProgress] - Aggiunta file dei metadati ad oggetto Phaidra 
2015-04-09 16:11:27,865 INFO   [UploadProgress] - Salvataggio dell'oggetto immagine in Phaidra 
2015-04-09 16:11:31,212 INFO   [UploadProgress] Crea identificatore PID per  l'immagine:o:33913 
2015-04-09 16:11:31,222 INFO   [UploadProgress] Aggiungi flusso di dati METADATA:o:33912 
2015-04-09 16:11:35,223 INFO   [UploadProgress] Aggiunti oggetti  alla collezione:o:33912 
2015-04-09 16:11:36,625 INFO   [UploadProgress] Aggiunti oggetti  alla collezione:o:33909 
2015-04-09 16:11:39,345 INFO   [UploadProgress] Termina il libro - identificatore PID :o:33909 
