2014-10-23 17:05:52,735 INFO   [UploadProgress] Starting upload... 
2014-10-23 17:05:52,798 INFO   [UploadProgress] Create a book 
2014-10-23 17:06:02,657 INFO   [UploadProgress] PID Assegnato: o:9493 
2014-10-23 17:06:02,657 INFO   [UploadProgress] Aggiunta file pdf in corso... 
2014-10-23 17:06:06,760 INFO   [UploadProgress] Crea identificatore PID per il libro :o:9493 
2014-10-23 17:06:06,760 INFO   [UploadProgress] Aggiunta metadati del libro in corso... 
2014-10-23 17:06:11,206 INFO   [UploadProgress] Aggiungi flusso di dati METADATA:o:9493 
2014-10-23 17:06:11,206 INFO   [UploadProgress] Creazione capitoli e pagine in corso... 
2014-10-23 17:06:11,206 INFO   [UploadProgress] Richiesta di creazione oggetto Pagina in Phaidra 
2014-10-23 17:06:16,947 INFO   [UploadProgress] - Aggiunta file fisico ad oggetto Phaidra 
2014-10-23 17:06:42,250 INFO   [UploadProgress] - Aggiunta file dei metadati ad oggetto Phaidra 
2014-10-23 17:06:46,633 INFO   [UploadProgress] - Salvataggio dell'oggetto Pagina pdf in Phaidra 
2014-10-23 17:07:05,931 INFO   [UploadProgress] Crea identificatore PID per la pagina :o:9494 
2014-10-23 17:07:05,931 INFO   [UploadProgress] Richiesta di creazione oggetto Pagina in Phaidra 
2014-10-23 17:07:13,715 INFO   [UploadProgress] - Aggiunta file fisico ad oggetto Phaidra 
2014-10-23 17:07:41,109 INFO   [UploadProgress] - Aggiunta file dei metadati ad oggetto Phaidra 
2014-10-23 17:07:46,132 INFO   [UploadProgress] - Salvataggio dell'oggetto Pagina pdf in Phaidra 
2014-10-23 17:07:57,723 INFO   [UploadProgress] Crea identificatore PID per la pagina :o:9495 
2014-10-23 17:07:57,723 INFO   [UploadProgress] Richiesta di creazione oggetto Pagina in Phaidra 
2014-10-23 17:08:01,592 INFO   [UploadProgress] - Aggiunta file fisico ad oggetto Phaidra 
2014-10-23 17:08:28,564 INFO   [UploadProgress] - Aggiunta file dei metadati ad oggetto Phaidra 
2014-10-23 17:08:32,729 INFO   [UploadProgress] - Salvataggio dell'oggetto Pagina pdf in Phaidra 
2014-10-23 17:08:40,326 INFO   [UploadProgress] Crea identificatore PID per la pagina :o:9496 
2014-10-23 17:08:40,342 INFO   [UploadProgress] Richiesta di creazione oggetto Pagina in Phaidra 
2014-10-23 17:08:44,492 INFO   [UploadProgress] - Aggiunta file fisico ad oggetto Phaidra 
2014-10-23 17:09:10,341 INFO   [UploadProgress] - Aggiunta file dei metadati ad oggetto Phaidra 
2014-10-23 17:09:14,444 INFO   [UploadProgress] - Salvataggio dell'oggetto Pagina pdf in Phaidra 
2014-10-23 17:09:21,807 INFO   [UploadProgress] Crea identificatore PID per la pagina :o:9497 
2014-10-23 17:09:21,823 INFO   [UploadProgress] Richiesta di creazione oggetto Pagina in Phaidra 
2014-10-23 17:09:28,250 INFO   [UploadProgress] - Aggiunta file fisico ad oggetto Phaidra 
2014-10-23 17:09:49,778 INFO   [UploadProgress] - Aggiunta file dei metadati ad oggetto Phaidra 
2014-10-23 17:09:52,835 INFO   [UploadProgress] - Salvataggio dell'oggetto Pagina pdf in Phaidra 
2014-10-23 17:10:01,041 INFO   [UploadProgress] Crea identificatore PID per la pagina :o:9498 
2014-10-23 17:10:01,041 INFO   [UploadProgress] Richiesta di creazione oggetto Pagina in Phaidra 
2014-10-23 17:10:07,156 INFO   [UploadProgress] - Aggiunta file fisico ad oggetto Phaidra 
2014-10-23 17:10:31,243 INFO   [UploadProgress] - Aggiunta file dei metadati ad oggetto Phaidra 
2014-10-23 17:10:35,501 INFO   [UploadProgress] - Salvataggio dell'oggetto Pagina pdf in Phaidra 
2014-10-23 17:10:43,957 INFO   [UploadProgress] Crea identificatore PID per la pagina :o:9499 
2014-10-23 17:10:43,957 INFO   [UploadProgress] Richiesta di creazione oggetto Pagina in Phaidra 
2014-10-23 17:10:47,513 INFO   [UploadProgress] - Aggiunta file fisico ad oggetto Phaidra 
2014-10-23 17:11:18,012 INFO   [UploadProgress] - Aggiunta file dei metadati ad oggetto Phaidra 
2014-10-23 17:11:22,395 INFO   [UploadProgress] - Salvataggio dell'oggetto Pagina pdf in Phaidra 
2014-10-23 17:11:32,364 INFO   [UploadProgress] Crea identificatore PID per la pagina :o:9500 
2014-10-23 17:11:32,379 INFO   [UploadProgress] Richiesta di creazione oggetto Pagina in Phaidra 
2014-10-23 17:11:37,106 INFO   [UploadProgress] - Aggiunta file fisico ad oggetto Phaidra 
2014-10-23 17:12:02,097 INFO   [UploadProgress] - Aggiunta file dei metadati ad oggetto Phaidra 
2014-10-23 17:12:05,061 INFO   [UploadProgress] - Salvataggio dell'oggetto Pagina pdf in Phaidra 
2014-10-23 17:12:15,435 INFO   [UploadProgress] Crea identificatore PID per la pagina :o:9501 
2014-10-23 17:12:15,435 INFO   [UploadProgress] Richiesta di creazione oggetto Pagina in Phaidra 
2014-10-23 17:12:21,894 INFO   [UploadProgress] - Aggiunta file fisico ad oggetto Phaidra 
2014-10-23 17:12:42,860 INFO   [UploadProgress] - Aggiunta file dei metadati ad oggetto Phaidra 
2014-10-23 17:12:46,074 INFO   [UploadProgress] - Salvataggio dell'oggetto Pagina pdf in Phaidra 
2014-10-23 17:12:52,969 INFO   [UploadProgress] Crea identificatore PID per la pagina :o:9502 
2014-10-23 17:12:52,969 INFO   [UploadProgress] Richiesta di creazione oggetto Pagina in Phaidra 
2014-10-23 17:12:58,304 INFO   [UploadProgress] - Aggiunta file fisico ad oggetto Phaidra 
2014-10-23 17:13:21,205 INFO   [UploadProgress] - Aggiunta file dei metadati ad oggetto Phaidra 
2014-10-23 17:13:25,448 INFO   [UploadProgress] - Salvataggio dell'oggetto Pagina pdf in Phaidra 
2014-10-23 17:13:33,201 INFO   [UploadProgress] Crea identificatore PID per la pagina :o:9503 
2014-10-23 17:13:33,201 INFO   [UploadProgress] Richiesta di creazione oggetto Pagina in Phaidra 
2014-10-23 17:13:38,037 INFO   [UploadProgress] - Aggiunta file fisico ad oggetto Phaidra 
2014-10-23 17:14:02,919 INFO   [UploadProgress] - Aggiunta file dei metadati ad oggetto Phaidra 
2014-10-23 17:14:06,211 INFO   [UploadProgress] - Salvataggio dell'oggetto Pagina pdf in Phaidra 
2014-10-23 17:14:13,527 INFO   [UploadProgress] Crea identificatore PID per la pagina :o:9504 
2014-10-23 17:14:13,527 INFO   [UploadProgress] Richiesta di creazione oggetto Pagina in Phaidra 
2014-10-23 17:14:19,611 INFO   [UploadProgress] - Aggiunta file fisico ad oggetto Phaidra 
2014-10-23 17:14:52,231 INFO   [UploadProgress] - Aggiunta file dei metadati ad oggetto Phaidra 
2014-10-23 17:14:55,835 INFO   [UploadProgress] - Salvataggio dell'oggetto Pagina pdf in Phaidra 
2014-10-23 17:15:02,995 INFO   [UploadProgress] Crea identificatore PID per la pagina :o:9505 
2014-10-23 17:15:02,995 INFO   [UploadProgress] Richiesta di creazione oggetto Pagina in Phaidra 
2014-10-23 17:15:09,079 INFO   [UploadProgress] - Aggiunta file fisico ad oggetto Phaidra 
2014-10-23 17:15:33,041 INFO   [UploadProgress] - Aggiunta file dei metadati ad oggetto Phaidra 
2014-10-23 17:15:37,144 INFO   [UploadProgress] - Salvataggio dell'oggetto Pagina pdf in Phaidra 
2014-10-23 17:15:44,959 INFO   [UploadProgress] Crea identificatore PID per la pagina :o:9506 
2014-10-23 17:15:44,959 INFO   [UploadProgress] Richiesta di creazione oggetto Pagina in Phaidra 
2014-10-23 17:15:47,939 INFO   [UploadProgress] - Aggiunta file fisico ad oggetto Phaidra 
2014-10-23 17:16:16,690 INFO   [UploadProgress] - Aggiunta file dei metadati ad oggetto Phaidra 
2014-10-23 17:16:20,714 INFO   [UploadProgress] - Salvataggio dell'oggetto Pagina pdf in Phaidra 
2014-10-23 17:16:29,326 INFO   [UploadProgress] Crea identificatore PID per la pagina :o:9507 
2014-10-23 17:16:29,326 INFO   [UploadProgress] Richiesta di creazione oggetto Pagina in Phaidra 
2014-10-23 17:16:33,460 INFO   [UploadProgress] - Aggiunta file fisico ad oggetto Phaidra 
2014-10-23 17:17:00,604 INFO   [UploadProgress] - Aggiunta file dei metadati ad oggetto Phaidra 
2014-10-23 17:17:04,332 INFO   [UploadProgress] - Salvataggio dell'oggetto Pagina pdf in Phaidra 
2014-10-23 17:17:14,425 INFO   [UploadProgress] Crea identificatore PID per la pagina :o:9508 
2014-10-23 17:17:14,425 INFO   [UploadProgress] Richiesta di creazione oggetto Pagina in Phaidra 
2014-10-23 17:17:17,265 INFO   [UploadProgress] - Aggiunta file fisico ad oggetto Phaidra 
2014-10-23 17:17:51,319 INFO   [UploadProgress] - Aggiunta file dei metadati ad oggetto Phaidra 
2014-10-23 17:17:57,029 INFO   [UploadProgress] - Salvataggio dell'oggetto Pagina pdf in Phaidra 
2014-10-23 17:18:05,921 INFO   [UploadProgress] Crea identificatore PID per la pagina :o:9509 
2014-10-23 17:18:05,921 INFO   [UploadProgress] Richiesta di creazione oggetto Pagina in Phaidra 
2014-10-23 17:18:09,540 INFO   [UploadProgress] - Aggiunta file fisico ad oggetto Phaidra 
2014-10-23 17:18:38,042 INFO   [UploadProgress] - Aggiunta file dei metadati ad oggetto Phaidra 
2014-10-23 17:18:41,723 INFO   [UploadProgress] - Salvataggio dell'oggetto Pagina pdf in Phaidra 
2014-10-23 17:18:48,244 INFO   [UploadProgress] Crea identificatore PID per la pagina :o:9510 
2014-10-23 17:18:48,244 INFO   [UploadProgress] Richiesta di creazione oggetto Pagina in Phaidra 
2014-10-23 17:18:53,080 INFO   [UploadProgress] - Aggiunta file fisico ad oggetto Phaidra 
2014-10-23 17:19:23,843 INFO   [UploadProgress] - Aggiunta file dei metadati ad oggetto Phaidra 
2014-10-23 17:19:27,977 INFO   [UploadProgress] - Salvataggio dell'oggetto Pagina pdf in Phaidra 
2014-10-23 17:19:35,730 INFO   [UploadProgress] Crea identificatore PID per la pagina :o:9511 
2014-10-23 17:19:35,730 INFO   [UploadProgress] Richiesta di creazione oggetto Pagina in Phaidra 
2014-10-23 17:19:39,662 INFO   [UploadProgress] - Aggiunta file fisico ad oggetto Phaidra 
2014-10-23 17:20:04,871 INFO   [UploadProgress] - Aggiunta file dei metadati ad oggetto Phaidra 
2014-10-23 17:20:11,423 INFO   [UploadProgress] - Salvataggio dell'oggetto Pagina pdf in Phaidra 
2014-10-23 17:20:16,914 INFO   [UploadProgress] Crea identificatore PID per la pagina :o:9512 
2014-10-23 17:20:16,914 INFO   [UploadProgress] Richiesta di creazione oggetto Pagina in Phaidra 
2014-10-23 17:20:21,985 INFO   [UploadProgress] - Aggiunta file fisico ad oggetto Phaidra 
2014-10-23 17:20:56,086 INFO   [UploadProgress] - Aggiunta file dei metadati ad oggetto Phaidra 
2014-10-23 17:21:00,080 INFO   [UploadProgress] - Salvataggio dell'oggetto Pagina pdf in Phaidra 
2014-10-23 17:21:07,396 INFO   [UploadProgress] Crea identificatore PID per la pagina :o:9513 
2014-10-23 17:21:07,396 INFO   [UploadProgress] Richiesta di creazione oggetto Pagina in Phaidra 
2014-10-23 17:21:11,795 INFO   [UploadProgress] - Aggiunta file fisico ad oggetto Phaidra 
2014-10-23 17:21:43,042 INFO   [UploadProgress] - Aggiunta file dei metadati ad oggetto Phaidra 
2014-10-23 17:21:47,145 INFO   [UploadProgress] - Salvataggio dell'oggetto Pagina pdf in Phaidra 
2014-10-23 17:21:55,070 INFO   [UploadProgress] Crea identificatore PID per la pagina :o:9514 
2014-10-23 17:21:55,085 INFO   [UploadProgress] Richiesta di creazione oggetto Pagina in Phaidra 
2014-10-23 17:21:58,471 INFO   [UploadProgress] - Aggiunta file fisico ad oggetto Phaidra 
2014-10-23 17:22:26,348 INFO   [UploadProgress] - Aggiunta file dei metadati ad oggetto Phaidra 
2014-10-23 17:22:29,172 INFO   [UploadProgress] - Salvataggio dell'oggetto Pagina pdf in Phaidra 
2014-10-23 17:22:37,830 INFO   [UploadProgress] Crea identificatore PID per la pagina :o:9515 
2014-10-23 17:22:37,830 INFO   [UploadProgress] Richiesta di creazione oggetto Pagina in Phaidra 
2014-10-23 17:22:42,026 INFO   [UploadProgress] - Aggiunta file fisico ad oggetto Phaidra 
2014-10-23 17:23:12,446 INFO   [UploadProgress] - Aggiunta file dei metadati ad oggetto Phaidra 
2014-10-23 17:23:15,270 INFO   [UploadProgress] - Salvataggio dell'oggetto Pagina pdf in Phaidra 
2014-10-23 17:23:23,584 INFO   [UploadProgress] Crea identificatore PID per la pagina :o:9516 
2014-10-23 17:23:23,584 INFO   [UploadProgress] Richiesta di creazione oggetto Pagina in Phaidra 
2014-10-23 17:23:28,296 INFO   [UploadProgress] - Aggiunta file fisico ad oggetto Phaidra 
2014-10-23 17:24:04,768 INFO   [UploadProgress] - Aggiunta file dei metadati ad oggetto Phaidra 
2014-10-23 17:24:08,403 INFO   [UploadProgress] - Salvataggio dell'oggetto Pagina pdf in Phaidra 
2014-10-23 17:24:17,171 INFO   [UploadProgress] Crea identificatore PID per la pagina :o:9517 
2014-10-23 17:24:17,171 INFO   [UploadProgress] Richiesta di creazione oggetto Pagina in Phaidra 
2014-10-23 17:24:22,085 INFO   [UploadProgress] - Aggiunta file fisico ad oggetto Phaidra 
2014-10-23 17:24:50,976 INFO   [UploadProgress] - Aggiunta file dei metadati ad oggetto Phaidra 
2014-10-23 17:24:54,720 INFO   [UploadProgress] - Salvataggio dell'oggetto Pagina pdf in Phaidra 
2014-10-23 17:25:04,080 INFO   [UploadProgress] Crea identificatore PID per la pagina :o:9518 
2014-10-23 17:25:04,095 INFO   [UploadProgress] Richiesta di creazione oggetto Pagina in Phaidra 
2014-10-23 17:25:10,507 INFO   [UploadProgress] - Aggiunta file fisico ad oggetto Phaidra 
2014-10-23 17:25:40,428 INFO   [UploadProgress] - Aggiunta file dei metadati ad oggetto Phaidra 
2014-10-23 17:25:45,077 INFO   [UploadProgress] - Salvataggio dell'oggetto Pagina pdf in Phaidra 
2014-10-23 17:25:55,419 INFO   [UploadProgress] Crea identificatore PID per la pagina :o:9519 
2014-10-23 17:25:55,435 INFO   [UploadProgress] Richiesta di creazione oggetto Pagina in Phaidra 
2014-10-23 17:25:59,897 INFO   [UploadProgress] - Aggiunta file fisico ad oggetto Phaidra 
2014-10-23 17:26:24,217 INFO   [UploadProgress] - Aggiunta file dei metadati ad oggetto Phaidra 
2014-10-23 17:26:28,741 INFO   [UploadProgress] - Salvataggio dell'oggetto Pagina pdf in Phaidra 
2014-10-23 17:26:35,137 INFO   [UploadProgress] Crea identificatore PID per la pagina :o:9520 
2014-10-23 17:26:35,153 INFO   [UploadProgress] Richiesta di creazione oggetto Pagina in Phaidra 
2014-10-23 17:26:39,209 INFO   [UploadProgress] - Aggiunta file fisico ad oggetto Phaidra 
2014-10-23 17:27:08,350 INFO   [UploadProgress] - Aggiunta file dei metadati ad oggetto Phaidra 
2014-10-23 17:27:12,234 INFO   [UploadProgress] - Salvataggio dell'oggetto Pagina pdf in Phaidra 
2014-10-23 17:27:19,379 INFO   [UploadProgress] Crea identificatore PID per la pagina :o:9521 
2014-10-23 17:27:19,379 INFO   [UploadProgress] Richiesta di creazione oggetto Pagina in Phaidra 
2014-10-23 17:27:24,995 INFO   [UploadProgress] - Aggiunta file fisico ad oggetto Phaidra 
2014-10-23 17:27:48,317 INFO   [UploadProgress] - Aggiunta file dei metadati ad oggetto Phaidra 
2014-10-23 17:27:51,593 INFO   [UploadProgress] - Salvataggio dell'oggetto Pagina pdf in Phaidra 
2014-10-23 17:27:59,315 INFO   [UploadProgress] Crea identificatore PID per la pagina :o:9522 
2014-10-23 17:27:59,315 INFO   [UploadProgress] Richiesta di creazione oggetto Pagina in Phaidra 
2014-10-23 17:28:04,557 INFO   [UploadProgress] - Aggiunta file fisico ad oggetto Phaidra 
2014-10-23 17:28:30,718 INFO   [UploadProgress] - Aggiunta file dei metadati ad oggetto Phaidra 
2014-10-23 17:28:34,571 INFO   [UploadProgress] - Salvataggio dell'oggetto Pagina pdf in Phaidra 
2014-10-23 17:28:42,636 INFO   [UploadProgress] Crea identificatore PID per la pagina :o:9523 
2014-10-23 17:28:42,652 INFO   [UploadProgress] Richiesta di creazione oggetto Pagina in Phaidra 
2014-10-23 17:28:45,787 INFO   [UploadProgress] - Aggiunta file fisico ad oggetto Phaidra 
2014-10-23 17:29:09,234 INFO   [UploadProgress] - Aggiunta file dei metadati ad oggetto Phaidra 
2014-10-23 17:29:14,476 INFO   [UploadProgress] - Salvataggio dell'oggetto Pagina pdf in Phaidra 
2014-10-23 17:29:23,929 INFO   [UploadProgress] Crea identificatore PID per la pagina :o:9524 
2014-10-23 17:29:23,945 INFO   [UploadProgress] Richiesta di creazione oggetto Pagina in Phaidra 
2014-10-23 17:29:28,219 INFO   [UploadProgress] - Aggiunta file fisico ad oggetto Phaidra 
2014-10-23 17:29:54,006 INFO   [UploadProgress] - Aggiunta file dei metadati ad oggetto Phaidra 
2014-10-23 17:29:57,438 INFO   [UploadProgress] - Salvataggio dell'oggetto Pagina pdf in Phaidra 
2014-10-23 17:30:04,318 INFO   [UploadProgress] Crea identificatore PID per la pagina :o:9525 
2014-10-23 17:30:04,318 INFO   [UploadProgress] Richiesta di creazione oggetto Pagina in Phaidra 
2014-10-23 17:30:09,918 INFO   [UploadProgress] - Aggiunta file fisico ad oggetto Phaidra 
2014-10-23 17:30:32,523 INFO   [UploadProgress] - Aggiunta file dei metadati ad oggetto Phaidra 
2014-10-23 17:30:35,565 INFO   [UploadProgress] - Salvataggio dell'oggetto Pagina pdf in Phaidra 
2014-10-23 17:30:42,600 INFO   [UploadProgress] Crea identificatore PID per la pagina :o:9526 
2014-10-23 17:30:42,600 INFO   [UploadProgress] Richiesta di creazione oggetto Pagina in Phaidra 
2014-10-23 17:30:45,330 INFO   [UploadProgress] - Aggiunta file fisico ad oggetto Phaidra 
2014-10-23 17:31:17,934 INFO   [UploadProgress] - Aggiunta file dei metadati ad oggetto Phaidra 
2014-10-23 17:31:21,554 INFO   [UploadProgress] - Salvataggio dell'oggetto Pagina pdf in Phaidra 
2014-10-23 17:31:32,692 INFO   [UploadProgress] Crea identificatore PID per la pagina :o:9527 
2014-10-23 17:31:32,692 INFO   [UploadProgress] Richiesta di creazione oggetto Pagina in Phaidra 
2014-10-23 17:31:37,918 INFO   [UploadProgress] - Aggiunta file fisico ad oggetto Phaidra 
2014-10-23 17:32:02,485 INFO   [UploadProgress] - Aggiunta file dei metadati ad oggetto Phaidra 
2014-10-23 17:32:05,729 INFO   [UploadProgress] - Salvataggio dell'oggetto Pagina pdf in Phaidra 
2014-10-23 17:32:12,843 INFO   [UploadProgress] Crea identificatore PID per la pagina :o:9528 
2014-10-23 17:32:12,859 INFO   [UploadProgress] Richiesta di creazione oggetto Pagina in Phaidra 
2014-10-23 17:32:20,534 INFO   [UploadProgress] - Aggiunta file fisico ad oggetto Phaidra 
2014-10-23 17:32:50,236 INFO   [UploadProgress] - Aggiunta file dei metadati ad oggetto Phaidra 
2014-10-23 17:32:54,323 INFO   [UploadProgress] - Salvataggio dell'oggetto Pagina pdf in Phaidra 
2014-10-23 17:33:01,437 INFO   [UploadProgress] Crea identificatore PID per la pagina :o:9529 
2014-10-23 17:33:01,437 INFO   [UploadProgress] Richiesta di creazione oggetto Pagina in Phaidra 
2014-10-23 17:33:04,651 INFO   [UploadProgress] - Aggiunta file fisico ad oggetto Phaidra 
2014-10-23 17:33:27,395 INFO   [UploadProgress] - Aggiunta file dei metadati ad oggetto Phaidra 
2014-10-23 17:33:30,562 INFO   [UploadProgress] - Salvataggio dell'oggetto Pagina pdf in Phaidra 
2014-10-23 17:33:36,537 INFO   [UploadProgress] Crea identificatore PID per la pagina :o:9530 
2014-10-23 17:33:36,553 INFO   [UploadProgress] Richiesta di creazione oggetto Pagina in Phaidra 
2014-10-23 17:33:39,813 INFO   [UploadProgress] - Aggiunta file fisico ad oggetto Phaidra 
2014-10-23 17:34:05,320 INFO   [UploadProgress] - Aggiunta file dei metadati ad oggetto Phaidra 
2014-10-23 17:34:08,440 INFO   [UploadProgress] - Salvataggio dell'oggetto Pagina pdf in Phaidra 
2014-10-23 17:34:13,947 INFO   [UploadProgress] Crea identificatore PID per la pagina :o:9531 
2014-10-23 17:34:13,978 INFO   [UploadProgress] Richiesta di creazione oggetto Pagina in Phaidra 
2014-10-23 17:34:21,170 INFO   [UploadProgress] - Aggiunta file fisico ad oggetto Phaidra 
2014-10-23 17:34:43,509 INFO   [UploadProgress] - Aggiunta file dei metadati ad oggetto Phaidra 
2014-10-23 17:34:46,395 INFO   [UploadProgress] - Salvataggio dell'oggetto Pagina pdf in Phaidra 
2014-10-23 17:34:55,193 INFO   [UploadProgress] Crea identificatore PID per la pagina :o:9532 
2014-10-23 17:34:55,193 INFO   [UploadProgress] Richiesta di creazione oggetto Pagina in Phaidra 
2014-10-23 17:34:59,967 INFO   [UploadProgress] - Aggiunta file fisico ad oggetto Phaidra 
2014-10-23 17:35:24,755 INFO   [UploadProgress] - Aggiunta file dei metadati ad oggetto Phaidra 
2014-10-23 17:35:28,297 INFO   [UploadProgress] - Salvataggio dell'oggetto Pagina pdf in Phaidra 
2014-10-23 17:35:34,911 INFO   [UploadProgress] Crea identificatore PID per la pagina :o:9533 
2014-10-23 17:35:34,927 INFO   [UploadProgress] Richiesta di creazione oggetto Pagina in Phaidra 
2014-10-23 17:35:38,749 INFO   [UploadProgress] - Aggiunta file fisico ad oggetto Phaidra 
2014-10-23 17:35:59,637 INFO   [UploadProgress] - Aggiunta file dei metadati ad oggetto Phaidra 
2014-10-23 17:36:02,976 INFO   [UploadProgress] - Salvataggio dell'oggetto Pagina pdf in Phaidra 
2014-10-23 17:36:09,855 INFO   [UploadProgress] Crea identificatore PID per la pagina :o:9534 
2014-10-23 17:36:09,871 INFO   [UploadProgress] Richiesta di creazione oggetto Pagina in Phaidra 
2014-10-23 17:36:14,426 INFO   [UploadProgress] - Aggiunta file fisico ad oggetto Phaidra 
2014-10-23 17:36:39,480 INFO   [UploadProgress] - Aggiunta file dei metadati ad oggetto Phaidra 
2014-10-23 17:36:42,600 INFO   [UploadProgress] - Salvataggio dell'oggetto Pagina pdf in Phaidra 
2014-10-23 17:36:49,510 INFO   [UploadProgress] Crea identificatore PID per la pagina :o:9535 
2014-10-23 17:36:49,526 INFO   [UploadProgress] Richiesta di creazione oggetto Pagina in Phaidra 
2014-10-23 17:36:53,899 INFO   [UploadProgress] - Aggiunta file fisico ad oggetto Phaidra 
2014-10-23 17:37:16,457 INFO   [UploadProgress] - Aggiunta file dei metadati ad oggetto Phaidra 
2014-10-23 17:37:21,121 INFO   [UploadProgress] - Salvataggio dell'oggetto Pagina pdf in Phaidra 
2014-10-23 17:37:29,015 INFO   [UploadProgress] Crea identificatore PID per la pagina :o:9536 
2014-10-23 17:37:29,031 INFO   [UploadProgress] Richiesta di creazione oggetto Pagina in Phaidra 
2014-10-23 17:37:32,650 INFO   [UploadProgress] - Aggiunta file fisico ad oggetto Phaidra 
2014-10-23 17:37:59,498 INFO   [UploadProgress] - Aggiunta file dei metadati ad oggetto Phaidra 
2014-10-23 17:38:02,259 INFO   [UploadProgress] - Salvataggio dell'oggetto Pagina pdf in Phaidra 
2014-10-23 17:38:08,936 INFO   [UploadProgress] Crea identificatore PID per la pagina :o:9537 
2014-10-23 17:38:08,951 INFO   [UploadProgress] Richiesta di creazione oggetto Pagina in Phaidra 
2014-10-23 17:38:15,160 INFO   [UploadProgress] - Aggiunta file fisico ad oggetto Phaidra 
2014-10-23 17:38:43,287 INFO   [UploadProgress] - Aggiunta file dei metadati ad oggetto Phaidra 
2014-10-23 17:38:46,188 INFO   [UploadProgress] - Salvataggio dell'oggetto Pagina pdf in Phaidra 
2014-10-23 17:38:54,394 INFO   [UploadProgress] Crea identificatore PID per la pagina :o:9538 
2014-10-23 17:38:54,394 INFO   [UploadProgress] Richiesta di creazione oggetto Pagina in Phaidra 
2014-10-23 17:38:59,526 INFO   [UploadProgress] - Aggiunta file fisico ad oggetto Phaidra 
2014-10-23 17:39:45,517 INFO   [UploadProgress] - Aggiunta file dei metadati ad oggetto Phaidra 
2014-10-23 17:39:49,324 INFO   [UploadProgress] - Salvataggio dell'oggetto Pagina pdf in Phaidra 
2014-10-23 17:39:57,436 INFO   [UploadProgress] Crea identificatore PID per la pagina :o:9539 
2014-10-23 17:39:57,451 INFO   [UploadProgress] Richiesta di creazione oggetto Pagina in Phaidra 
2014-10-23 17:40:00,306 INFO   [UploadProgress] - Aggiunta file fisico ad oggetto Phaidra 
2014-10-23 17:40:28,464 INFO   [UploadProgress] - Aggiunta file dei metadati ad oggetto Phaidra 
2014-10-23 17:40:31,413 INFO   [UploadProgress] - Salvataggio dell'oggetto Pagina pdf in Phaidra 
2014-10-23 17:40:40,195 INFO   [UploadProgress] Crea identificatore PID per la pagina :o:9540 
2014-10-23 17:40:40,211 INFO   [UploadProgress] Richiesta di creazione oggetto Pagina in Phaidra 
2014-10-23 17:40:45,453 INFO   [UploadProgress] - Aggiunta file fisico ad oggetto Phaidra 
2014-10-23 17:41:10,321 INFO   [UploadProgress] - Aggiunta file dei metadati ad oggetto Phaidra 
2014-10-23 17:41:13,410 INFO   [UploadProgress] - Salvataggio dell'oggetto Pagina pdf in Phaidra 
2014-10-23 17:41:22,458 INFO   [UploadProgress] Crea identificatore PID per la pagina :o:9541 
2014-10-23 17:41:22,474 INFO   [UploadProgress] Richiesta di creazione oggetto Pagina in Phaidra 
2014-10-23 17:41:26,904 INFO   [UploadProgress] - Aggiunta file fisico ad oggetto Phaidra 
2014-10-23 17:41:53,518 INFO   [UploadProgress] - Aggiunta file dei metadati ad oggetto Phaidra 
2014-10-23 17:41:57,527 INFO   [UploadProgress] - Salvataggio dell'oggetto Pagina pdf in Phaidra 
2014-10-23 17:42:05,202 INFO   [UploadProgress] Crea identificatore PID per la pagina :o:9542 
2014-10-23 17:42:05,218 INFO   [UploadProgress] Richiesta di creazione oggetto Pagina in Phaidra 
2014-10-23 17:42:09,882 INFO   [UploadProgress] - Aggiunta file fisico ad oggetto Phaidra 
2014-10-23 17:42:38,274 INFO   [UploadProgress] - Aggiunta file dei metadati ad oggetto Phaidra 
2014-10-23 17:42:41,987 INFO   [UploadProgress] - Salvataggio dell'oggetto Pagina pdf in Phaidra 
2014-10-23 17:42:49,459 INFO   [UploadProgress] Crea identificatore PID per la pagina :o:9543 
2014-10-23 17:42:49,475 INFO   [UploadProgress] Richiesta di creazione oggetto Pagina in Phaidra 
2014-10-23 17:42:54,576 INFO   [UploadProgress] - Aggiunta file fisico ad oggetto Phaidra 
2014-10-23 17:43:20,347 INFO   [UploadProgress] - Aggiunta file dei metadati ad oggetto Phaidra 
2014-10-23 17:43:24,357 INFO   [UploadProgress] - Salvataggio dell'oggetto Pagina pdf in Phaidra 
2014-10-23 17:43:32,408 INFO   [UploadProgress] Crea identificatore PID per la pagina :o:9544 
2014-10-23 17:43:32,424 INFO   [UploadProgress] Richiesta di creazione oggetto Pagina in Phaidra 
2014-10-23 17:43:35,591 INFO   [UploadProgress] - Aggiunta file fisico ad oggetto Phaidra 
2014-10-23 17:44:12,204 INFO   [UploadProgress] - Aggiunta file dei metadati ad oggetto Phaidra 
2014-10-23 17:44:16,119 INFO   [UploadProgress] - Salvataggio dell'oggetto Pagina pdf in Phaidra 
2014-10-23 17:44:24,107 INFO   [UploadProgress] Crea identificatore PID per la pagina :o:9545 
2014-10-23 17:44:24,153 INFO   [UploadProgress] Richiesta di creazione oggetto Pagina in Phaidra 
2014-10-23 17:44:28,818 INFO   [UploadProgress] - Aggiunta file fisico ad oggetto Phaidra 
2014-10-23 17:44:51,438 INFO   [UploadProgress] - Aggiunta file dei metadati ad oggetto Phaidra 
2014-10-23 17:44:54,885 INFO   [UploadProgress] - Salvataggio dell'oggetto Pagina pdf in Phaidra 
2014-10-23 17:45:01,781 INFO   [UploadProgress] Crea identificatore PID per la pagina :o:9546 
2014-10-23 17:45:01,796 INFO   [UploadProgress] Richiesta di creazione oggetto Pagina in Phaidra 
2014-10-23 17:45:05,714 INFO   [UploadProgress] - Aggiunta file fisico ad oggetto Phaidra 
2014-10-23 17:45:33,297 INFO   [UploadProgress] - Aggiunta file dei metadati ad oggetto Phaidra 
2014-10-23 17:45:36,230 INFO   [UploadProgress] - Salvataggio dell'oggetto Pagina pdf in Phaidra 
2014-10-23 17:45:42,984 INFO   [UploadProgress] Crea identificatore PID per la pagina :o:9547 
2014-10-23 17:45:43,000 INFO   [UploadProgress] Richiesta di creazione oggetto Pagina in Phaidra 
2014-10-23 17:45:45,777 INFO   [UploadProgress] - Aggiunta file fisico ad oggetto Phaidra 
2014-10-23 17:46:10,066 INFO   [UploadProgress] - Aggiunta file dei metadati ad oggetto Phaidra 
2014-10-23 17:46:14,340 INFO   [UploadProgress] - Salvataggio dell'oggetto Pagina pdf in Phaidra 
2014-10-23 17:46:22,468 INFO   [UploadProgress] Crea identificatore PID per la pagina :o:9548 
2014-10-23 17:46:22,484 INFO   [UploadProgress] Richiesta di creazione oggetto Pagina in Phaidra 
2014-10-23 17:46:26,228 INFO   [UploadProgress] - Aggiunta file fisico ad oggetto Phaidra 
2014-10-23 17:46:55,199 INFO   [UploadProgress] - Aggiunta file dei metadati ad oggetto Phaidra 
2014-10-23 17:46:58,212 INFO   [UploadProgress] - Salvataggio dell'oggetto Pagina pdf in Phaidra 
2014-10-23 17:47:04,311 INFO   [UploadProgress] Crea identificatore PID per la pagina :o:9549 
2014-10-23 17:47:04,343 INFO   [UploadProgress] Richiesta di creazione oggetto Pagina in Phaidra 
2014-10-23 17:47:07,416 INFO   [UploadProgress] - Aggiunta file fisico ad oggetto Phaidra 
2014-10-23 17:47:31,253 INFO   [UploadProgress] - Aggiunta file dei metadati ad oggetto Phaidra 
2014-10-23 17:47:34,263 INFO   [UploadProgress] - Salvataggio dell'oggetto Pagina pdf in Phaidra 
2014-10-23 17:47:40,847 INFO   [UploadProgress] Crea identificatore PID per la pagina :o:9550 
2014-10-23 17:47:40,862 INFO   [UploadProgress] Richiesta di creazione oggetto Pagina in Phaidra 
2014-10-23 17:47:44,481 INFO   [UploadProgress] - Aggiunta file fisico ad oggetto Phaidra 
2014-10-23 17:48:11,937 INFO   [UploadProgress] - Aggiunta file dei metadati ad oggetto Phaidra 
2014-10-23 17:48:14,917 INFO   [UploadProgress] - Salvataggio dell'oggetto Pagina pdf in Phaidra 
2014-10-23 17:48:22,202 INFO   [UploadProgress] Crea identificatore PID per la pagina :o:9551 
2014-10-23 17:48:22,218 INFO   [UploadProgress] Richiesta di creazione oggetto Pagina in Phaidra 
2014-10-23 17:48:29,113 INFO   [UploadProgress] - Aggiunta file fisico ad oggetto Phaidra 
2014-10-23 17:48:54,434 INFO   [UploadProgress] - Aggiunta file dei metadati ad oggetto Phaidra 
2014-10-23 17:48:57,585 INFO   [UploadProgress] - Salvataggio dell'oggetto Pagina pdf in Phaidra 
2014-10-23 17:49:05,307 INFO   [UploadProgress] Crea identificatore PID per la pagina :o:9552 
2014-10-23 17:49:05,338 INFO   [UploadProgress] Richiesta di creazione oggetto Pagina in Phaidra 
2014-10-23 17:49:10,533 INFO   [UploadProgress] - Aggiunta file fisico ad oggetto Phaidra 
2014-10-23 17:49:36,850 INFO   [UploadProgress] - Aggiunta file dei metadati ad oggetto Phaidra 
2014-10-23 17:49:40,454 INFO   [UploadProgress] - Salvataggio dell'oggetto Pagina pdf in Phaidra 
