2015-04-09 16:09:13,210 INFO   [UploadProgress] Starting upload... 
2015-04-09 16:09:13,211 INFO   [UploadProgress] Create a collection 
2015-04-09 16:09:16,049 INFO   [UploadProgress] Crea identificatore PID per la collezione :o:33903 
2015-04-09 16:09:18,200 INFO   [UploadProgress] Aggiungi flusso di dati METADATA:o:33903 
2015-04-09 16:09:18,280 INFO   [UploadProgress] Richiesta di creazione oggetto video in Phaidra 
2015-04-09 16:09:20,532 INFO   [UploadProgress] - Aggiunta file fisico ad oggetto Phaidra 
2015-04-09 16:09:39,222 INFO   [UploadProgress] - Aggiunta file dei metadati ad oggetto Phaidra 
2015-04-09 16:09:41,203 INFO   [UploadProgress] - Salvataggio dell'oggetto video in Phaidra 
2015-04-09 16:09:45,612 INFO   [UploadProgress] Crea identificatore PID per  il file video:o:33904 
2015-04-09 16:09:47,503 INFO   [UploadProgress] Crea identificatore PID per la collezione :o:33905 
2015-04-09 16:09:50,033 INFO   [UploadProgress] Aggiungi flusso di dati METADATA:o:33905 
2015-04-09 16:09:50,043 INFO   [UploadProgress] Richiesta di creazione oggetto immagine in Phaidra 
2015-04-09 16:09:52,339 INFO   [UploadProgress] - Aggiunta file fisico ad oggetto Phaidra 
2015-04-09 16:09:55,422 INFO   [UploadProgress] - Aggiunta file dei metadati ad oggetto Phaidra 
2015-04-09 16:09:57,721 INFO   [UploadProgress] - Salvataggio dell'oggetto immagine in Phaidra 
2015-04-09 16:10:01,115 INFO   [UploadProgress] Crea identificatore PID per  l'immagine:o:33906 
2015-04-09 16:10:01,115 INFO   [UploadProgress] Aggiungi flusso di dati METADATA:o:33905 
2015-04-09 16:10:06,893 INFO   [UploadProgress] Aggiunti oggetti  alla collezione:o:33905 
2015-04-09 16:10:11,150 INFO   [UploadProgress] Crea identificatore PID per la collezione :o:33907 
2015-04-09 16:10:14,560 INFO   [UploadProgress] Aggiungi flusso di dati METADATA:o:33907 
2015-04-09 16:10:14,560 INFO   [UploadProgress] Richiesta di creazione oggetto immagine in Phaidra 
2015-04-09 16:10:19,081 INFO   [UploadProgress] - Aggiunta file fisico ad oggetto Phaidra 
2015-04-09 16:10:21,892 INFO   [UploadProgress] - Aggiunta file dei metadati ad oggetto Phaidra 
2015-04-09 16:10:25,263 INFO   [UploadProgress] - Salvataggio dell'oggetto immagine in Phaidra 
2015-04-09 16:10:31,483 INFO   [UploadProgress] Crea identificatore PID per  l'immagine:o:33908 
2015-04-09 16:10:31,483 INFO   [UploadProgress] Aggiungi flusso di dati METADATA:o:33907 
2015-04-09 16:10:36,942 INFO   [UploadProgress] Aggiunti oggetti  alla collezione:o:33907 
2015-04-09 16:10:39,974 INFO   [UploadProgress] Aggiunti oggetti  alla collezione:o:33903 
2015-04-09 16:10:43,401 INFO   [UploadProgress] Termina il libro - identificatore PID :o:33903 
