2014-11-05 15:16:40,561 INFO   [UploadProgress] Starting upload... 
2014-11-05 15:16:40,608 INFO   [UploadProgress] Create a book 
2014-11-05 15:16:40,608 INFO   [ImObject] Start upload Book 
2014-11-05 15:16:47,596 INFO   [ImObject] End upload Book 
2014-11-05 15:16:47,596 INFO   [UploadProgress] PID Assegnato: o:10587 
2014-11-05 15:16:47,596 INFO   [UploadProgress] Aggiunta file pdf in corso... 
2014-11-05 15:16:52,511 INFO   [UploadProgress] Crea identificatore PID per il libro :o:10587 
2014-11-05 15:16:52,511 INFO   [UploadProgress] Aggiunta metadati del libro in corso... 
2014-11-05 15:16:56,149 INFO   [UploadProgress] Aggiungi flusso di dati METADATA:o:10587 
2014-11-05 15:16:56,149 INFO   [UploadProgress] Creazione capitoli e pagine in corso... 
2014-11-05 15:16:56,165 INFO   [UploadProgress] Richiesta di creazione oggetto Pagina in Phaidra 
2014-11-05 15:17:02,187 INFO   [UploadProgress] - Aggiunta file fisico ad oggetto Phaidra 
2014-11-05 15:17:33,318 INFO   [UploadProgress] - Aggiunta file dei metadati ad oggetto Phaidra 
2014-11-05 15:17:49,253 INFO   [UploadProgress] - Salvataggio dell'oggetto Pagina pdf in Phaidra 
2014-11-05 15:18:01,780 INFO   [UploadProgress] Crea identificatore PID per la pagina :o:10588 
2014-11-05 15:18:01,780 INFO   [UploadProgress] Richiesta di creazione oggetto Pagina in Phaidra 
2014-11-05 15:18:11,172 INFO   [UploadProgress] - Aggiunta file fisico ad oggetto Phaidra 
2014-11-05 15:18:41,788 INFO   [UploadProgress] - Aggiunta file dei metadati ad oggetto Phaidra 
2014-11-05 15:18:53,556 INFO   [UploadProgress] - Salvataggio dell'oggetto Pagina pdf in Phaidra 
2014-11-05 15:19:01,812 INFO   [UploadProgress] Crea identificatore PID per la pagina :o:10589 
2014-11-05 15:19:01,828 INFO   [UploadProgress] Richiesta di creazione oggetto Pagina in Phaidra 
2014-11-05 15:19:09,614 INFO   [UploadProgress] - Aggiunta file fisico ad oggetto Phaidra 
2014-11-05 15:19:36,984 INFO   [UploadProgress] - Aggiunta file dei metadati ad oggetto Phaidra 
2014-11-05 15:19:47,128 INFO   [UploadProgress] - Salvataggio dell'oggetto Pagina pdf in Phaidra 
2014-11-05 15:19:56,940 INFO   [UploadProgress] Crea identificatore PID per la pagina :o:10590 
2014-11-05 15:19:56,940 INFO   [UploadProgress] Aggiunta OCR in corso... 
2014-11-05 15:20:05,508 INFO   [UploadProgress] Aggiungi flusso di dati OCRTEXT:o:10587 
2014-11-05 15:20:05,523 INFO   [UploadProgress] Salvataggio finale del libro 
2014-11-05 15:20:14,263 INFO   [UploadProgress] Termina il libro - identificatore PID :o:10587 
