2014-11-05 15:48:03,846 INFO   [UploadProgress] Starting upload... 
2014-11-05 15:48:03,924 INFO   [UploadProgress] Create a book 
2014-11-05 15:48:03,924 INFO   [ImObject] Start upload Book 
2014-11-05 15:48:09,322 INFO   [ImObject] End upload Book 
2014-11-05 15:48:09,322 INFO   [UploadProgress] PID Assegnato: o:10591 
2014-11-05 15:48:09,322 INFO   [UploadProgress] Aggiunta file pdf in corso... 
2014-11-05 15:48:13,161 INFO   [UploadProgress] Crea identificatore PID per il libro :o:10591 
2014-11-05 15:48:13,161 INFO   [UploadProgress] Aggiunta metadati del libro in corso... 
2014-11-05 15:48:15,236 INFO   [UploadProgress] Aggiungi flusso di dati METADATA:o:10591 
2014-11-05 15:48:15,236 INFO   [UploadProgress] Creazione capitoli e pagine in corso... 
2014-11-05 15:48:15,236 INFO   [UploadProgress] Richiesta di creazione oggetto Pagina in Phaidra 
2014-11-05 15:48:19,824 INFO   [UploadProgress] - Aggiunta file fisico ad oggetto Phaidra 
2014-11-05 15:49:03,577 INFO   [UploadProgress] - Aggiunta file dei metadati ad oggetto Phaidra 
2014-11-05 15:49:13,687 INFO   [UploadProgress] - Salvataggio dell'oggetto Pagina pdf in Phaidra 
2014-11-05 15:49:21,020 INFO   [UploadProgress] Crea identificatore PID per la pagina :o:10592 
2014-11-05 15:49:21,036 INFO   [UploadProgress] Richiesta di creazione oggetto Pagina in Phaidra 
2014-11-05 15:49:24,561 INFO   [UploadProgress] - Aggiunta file fisico ad oggetto Phaidra 
2014-11-05 15:50:04,867 INFO   [UploadProgress] - Aggiunta file dei metadati ad oggetto Phaidra 
2014-11-05 15:50:11,576 INFO   [UploadProgress] - Salvataggio dell'oggetto Pagina pdf in Phaidra 
2014-11-05 15:50:18,379 INFO   [UploadProgress] Crea identificatore PID per la pagina :o:10593 
2014-11-05 15:50:18,379 INFO   [UploadProgress] Richiesta di creazione oggetto Pagina in Phaidra 
2014-11-05 15:50:21,672 INFO   [UploadProgress] - Aggiunta file fisico ad oggetto Phaidra 
2014-11-05 15:50:57,920 INFO   [UploadProgress] - Aggiunta file dei metadati ad oggetto Phaidra 
2014-11-05 15:51:07,225 INFO   [UploadProgress] - Salvataggio dell'oggetto Pagina pdf in Phaidra 
2014-11-05 15:51:15,009 INFO   [UploadProgress] Crea identificatore PID per la pagina :o:10594 
2014-11-05 15:51:15,009 INFO   [UploadProgress] Aggiunta OCR in corso... 
2014-11-05 15:51:23,996 INFO   [UploadProgress] Aggiungi flusso di dati OCRTEXT:o:10591 
2014-11-05 15:51:23,996 INFO   [UploadProgress] Salvataggio finale del libro 
2014-11-05 15:51:35,359 INFO   [UploadProgress] Termina il libro - identificatore PID :o:10591 
